2024-07-19 13:24:34,352 : INFO : test_login : this is useful information
2024-07-19 13:24:34,352 : WARNING : test_login : this is a warning
2024-07-19 13:24:52,619 : INFO : test_login : this is useful information
2024-07-19 13:24:52,619 : INFO : test_login : this is useful information
2024-07-19 13:24:52,620 : WARNING : test_login : this is a warning
2024-07-19 13:24:52,620 : WARNING : test_login : this is a warning
2024-07-19 13:35:45,012 : INFO : test_login : this is useful information
2024-07-19 13:35:45,014 : WARNING : test_login : this is a warning
2024-07-19 13:36:12,201 : INFO : test_login : this is useful information
2024-07-19 13:36:12,201 : INFO : test_login : this is useful information
2024-07-19 13:36:12,202 : WARNING : test_login : this is a warning
2024-07-19 13:36:12,202 : WARNING : test_login : this is a warning
2024-07-19 13:38:13,691 : INFO : Utilities.Logger.Logger : this is useful information
2024-07-19 13:38:13,696 : WARNING : Utilities.Logger.Logger : this is a warning
2024-07-19 13:38:26,185 : INFO : Utilities.Logger.Logger : this is useful information
2024-07-19 13:38:26,185 : INFO : Utilities.Logger.Logger : this is useful information
2024-07-19 13:38:26,185 : WARNING : Utilities.Logger.Logger : this is a warning
2024-07-19 13:38:26,185 : WARNING : Utilities.Logger.Logger : this is a warning
2024-07-19 15:07:33,481 : INFO : test_login : this is informational log
2024-07-19 15:07:33,483 : WARNING : test_login : this is a warning log
2024-07-19 15:07:57,603 : INFO : test_login : this is informational log
2024-07-19 15:07:57,603 : INFO : test_login : this is informational log
2024-07-19 15:07:57,604 : WARNING : test_login : this is a warning log
2024-07-19 15:07:57,604 : WARNING : test_login : this is a warning log
2024-07-19 15:10:22,943 : INFO : test_login : this is informational log
2024-07-19 15:10:22,946 : WARNING : test_login : this is a warning log
2024-07-19 15:10:39,919 : INFO : test_login : this is informational log
2024-07-19 15:10:39,919 : INFO : test_login : this is informational log
2024-07-19 15:10:39,919 : WARNING : test_login : this is a warning log
2024-07-19 15:10:39,919 : WARNING : test_login : this is a warning log
2024-07-19 15:27:35,725 : WARNING : test_login : this is a warning log
2024-07-19 15:28:00,589 : WARNING : test_login : this is a warning log
2024-07-19 15:28:00,589 : WARNING : test_login : this is a warning log
2024-07-19 16:05:26,559 : INFO : test_login : this is informational log
2024-07-19 16:05:26,561 : WARNING : test_login : this is a warning log
2024-07-19 16:05:54,171 : INFO : test_login : this is informational log
2024-07-19 16:05:54,171 : INFO : test_login : this is informational log
2024-07-19 16:05:54,171 : WARNING : test_login : this is a warning log
2024-07-19 16:05:54,171 : WARNING : test_login : this is a warning log
2024-07-19 16:08:40,855 : INFO : test_login : this is informational log
2024-07-19 16:08:40,861 : WARNING : test_login : this is a warning log
2024-07-19 16:09:08,052 : INFO : test_login : this is informational log
2024-07-19 16:09:08,052 : INFO : test_login : this is informational log
2024-07-19 16:09:08,054 : WARNING : test_login : this is a warning log
2024-07-19 16:09:08,054 : WARNING : test_login : this is a warning log
2024-07-19 16:22:17,061 : INFO : test_login : this is informational log : : this is informational log
2024-07-19 16:22:17,063 : WARNING : test_login : this is a warning log : : this is a warning log
2024-07-19 16:22:38,196 : INFO : test_login : this is informational log : : this is informational log
2024-07-19 16:22:38,196 : INFO : test_login : this is informational log : : this is informational log
2024-07-19 16:22:38,198 : WARNING : test_login : this is a warning log : : this is a warning log
2024-07-19 16:22:38,198 : WARNING : test_login : this is a warning log : : this is a warning log
2024-07-19 16:33:54,246 : WARNING : test_login : this is a warning log
2024-07-19 16:34:13,723 : WARNING : test_login : this is a warning log
2024-07-19 16:34:13,723 : WARNING : test_login : this is a warning log
2024-07-19 16:35:27,838 : WARNING : test_login : this is a warning log
2024-07-19 16:35:49,995 : WARNING : test_login : this is a warning log
2024-07-19 16:35:49,995 : WARNING : test_login : this is a warning log
2024-07-19 16:36:37,809 : INFO : test_login : this is informational log
2024-07-19 16:36:37,810 : WARNING : test_login : this is a warning log
2024-07-19 16:37:07,158 : INFO : test_login : this is informational log
2024-07-19 16:37:07,158 : INFO : test_login : this is informational log
2024-07-19 16:37:07,160 : WARNING : test_login : this is a warning log
2024-07-19 16:37:07,160 : WARNING : test_login : this is a warning log
2025-04-12 16:29:39,128 : INFO : test_login : this is informational log
2025-04-12 16:29:39,131 : WARNING : test_login : this is a warning log
2025-04-12 16:29:55,225 : INFO : test_login : this is informational log
2025-04-12 16:29:55,225 : INFO : test_login : this is informational log
2025-04-12 16:29:55,225 : WARNING : test_login : this is a warning log
2025-04-12 16:29:55,225 : WARNING : test_login : this is a warning log
2025-04-12 16:34:36,309 : INFO : test_login : this is informational log
2025-04-12 16:34:36,310 : WARNING : test_login : this is a warning log
2025-04-12 16:36:17,644 : INFO : test_login : this is informational log
2025-04-12 16:36:17,644 : WARNING : test_login : this is a warning log
2025-04-12 16:40:29,018 : INFO : test_login : this is informational log
2025-04-12 16:40:29,020 : WARNING : test_login : this is a warning log
2025-04-12 16:54:39,839 : INFO : test_login : this is informational log
2025-04-12 16:54:39,841 : WARNING : test_login : this is a warning log
2025-04-12 17:04:45,216 : INFO : test_login : this is informational log
2025-04-12 17:04:45,216 : WARNING : test_login : this is a warning log
2025-04-12 17:05:42,565 : INFO : test_login : this is informational log
2025-04-12 17:05:42,568 : WARNING : test_login : this is a warning log
2025-04-12 17:08:05,353 : INFO : test_login : this is informational log
2025-04-12 17:08:05,353 : WARNING : test_login : this is a warning log
2025-04-12 17:10:07,251 : INFO : test_login : this is informational log
2025-04-12 17:10:07,251 : WARNING : test_login : this is a warning log
2025-04-12 17:10:51,821 : INFO : test_login : this is informational log
2025-04-12 17:10:51,821 : WARNING : test_login : this is a warning log
2025-04-12 17:11:43,527 : INFO : test_login : this is informational log
2025-04-12 17:11:43,527 : WARNING : test_login : this is a warning log
2025-04-12 17:13:44,331 : INFO : test_login : this is informational log
2025-04-12 17:13:44,331 : WARNING : test_login : this is a warning log
2025-04-12 17:14:13,148 : INFO : test_login : this is informational log
2025-04-12 17:14:13,149 : WARNING : test_login : this is a warning log
2025-04-12 17:15:48,158 : INFO : test_login : this is informational log
2025-04-12 17:15:48,159 : WARNING : test_login : this is a warning log
2025-04-12 17:17:01,884 : INFO : test_login : this is informational log
2025-04-12 17:17:01,885 : WARNING : test_login : this is a warning log
2025-04-12 17:20:31,617 : INFO : test_login : this is informational log
2025-04-12 17:20:31,618 : WARNING : test_login : this is a warning log
2025-04-12 17:24:39,870 : INFO : test_login : this is informational log
2025-04-12 17:24:39,871 : WARNING : test_login : this is a warning log
2025-04-12 17:25:56,370 : INFO : test_login : this is informational log
2025-04-12 17:25:56,374 : WARNING : test_login : this is a warning log
2025-04-12 17:28:39,601 : INFO : test_login : this is informational log
2025-04-12 17:28:39,601 : WARNING : test_login : this is a warning log
2025-04-12 17:29:26,388 : INFO : test_login : this is informational log
2025-04-12 17:29:26,388 : WARNING : test_login : this is a warning log
2025-04-12 17:30:57,892 : INFO : test_login : this is informational log
2025-04-12 17:30:57,892 : WARNING : test_login : this is a warning log
2025-04-12 17:31:41,096 : INFO : test_login : this is informational log
2025-04-12 17:31:41,097 : WARNING : test_login : this is a warning log
2025-04-12 17:32:49,243 : INFO : test_login : this is informational log
2025-04-12 17:32:49,244 : WARNING : test_login : this is a warning log
2025-04-12 17:34:53,826 : INFO : test_login : this is informational log
2025-04-12 17:34:53,826 : WARNING : test_login : this is a warning log
2025-04-12 17:35:38,189 : INFO : test_login : this is informational log
2025-04-12 17:35:38,192 : WARNING : test_login : this is a warning log
2025-04-12 17:44:39,107 : INFO : test_login : this is informational log
2025-04-12 17:44:39,109 : WARNING : test_login : this is a warning log
2025-04-12 17:48:06,760 : INFO : test_login : this is informational log
2025-04-12 17:48:06,761 : WARNING : test_login : this is a warning log
2025-04-12 17:50:35,657 : INFO : test_login : this is informational log
2025-04-12 17:50:35,658 : WARNING : test_login : this is a warning log
2025-04-12 17:55:26,649 : INFO : test_login : this is informational log
2025-04-12 17:55:26,649 : WARNING : test_login : this is a warning log
2025-04-12 17:56:23,165 : INFO : test_login : this is informational log
2025-04-12 17:56:23,165 : WARNING : test_login : this is a warning log
2025-04-13 10:21:45,053 : INFO : test_login : this is informational log
2025-04-13 10:21:45,055 : WARNING : test_login : this is a warning log
2025-04-13 10:38:57,611 : INFO : test_login : this is informational log
2025-04-13 10:38:57,612 : WARNING : test_login : this is a warning log
2025-04-13 10:41:49,056 : INFO : test_login : this is informational log
2025-04-13 10:41:49,056 : WARNING : test_login : this is a warning log
2025-04-13 10:43:08,575 : INFO : test_login : this is informational log
2025-04-13 10:43:08,575 : WARNING : test_login : this is a warning log
2025-04-13 10:50:40,886 : INFO : test_login : this is informational log
2025-04-13 10:50:40,888 : WARNING : test_login : this is a warning log
